<?xml version="1.0" encoding="UTF-8"?>
<testsuite name="Login Test"
           tests="2"
           failures="0"
           errors="0"
           skipped="0"
           time="3.080">
  <properties />
  
  
            <testcase name="verifyUserShouldNavigateToLoginPage" time="1.754" classname="com.nopcommerce.demo.testsuite.LoginpageTest" />
                <testcase name="verifyErrorMessageWithInvalidCredentials" time="1.326" classname="com.nopcommerce.demo.testsuite.LoginpageTest" />
      
</testsuite>
